
Compiling cpp/task-1...
========================================
Running cpp/task-1...
========================================
Running cpp/task-1...
========================================
Running cpp/task-1...
========================================
Running cpp/task-1...
========================================
Running cpp/task-1...
========================================
Running cpp/task-1...
========================================
Running cpp/task-1...
========================================
Running cpp/task-1...
========================================
Running cpp/task-1...
========================================
Running cpp/task-1...
========================================
Running cpp/task-2...
========================================
Running cpp/task-2...
========================================
Running cpp/task-2...
========================================
Running cpp/task-2...
========================================
Running cpp/task-2...
========================================
Running cpp/task-2...
========================================
Running cpp/task-2...
========================================
Running cpp/task-2...
========================================
Running cpp/task-2...
========================================
Running cpp/task-2...
========================================
Compiling cpp/task-3...
========================================
Running cpp/task-3...
========================================

Numar incorect de muchii critice (1 vs 0).	Running cpp/task-3...
========================================
Running cpp/task-3...
========================================

Numar incorect de muchii critice (6 vs 0).	Running cpp/task-3...
========================================
Running cpp/task-3...
========================================

Numar incorect de muchii critice (2 vs 0).	Running cpp/task-3...
========================================

Numar incorect de muchii critice (2 vs 0).	Running cpp/task-3...
========================================

Numar incorect de muchii critice (2008 vs 0).	Running cpp/task-3...
========================================

Numar incorect de muchii critice (33331 vs 0).	Running cpp/task-3...
========================================

Numar incorect de muchii critice (6050 vs 0).	Running cpp/task-3...
========================================

Numar incorect de muchii critice (3346 vs 0).	